[24-May-2023 08:04:58 UTC] PHP Warning:  PHP Startup: Unable to load dynamic library 'curl' (tried: ext\curl (指定されたモジュールが見つかりません。), ext\php_curl.dll (指定されたモジュールが見つかりません。)) in Unknown on line 0
[24-May-2023 08:04:58 UTC] PHP Warning:  PHP Startup: Unable to load dynamic library 'fileinfo' (tried: ext\fileinfo (指定されたモジュールが見つかりません。), ext\php_fileinfo.dll (指定されたモジュールが見つかりません。)) in Unknown on line 0
[24-May-2023 08:04:58 UTC] PHP Warning:  PHP Startup: Unable to load dynamic library 'gd' (tried: ext\gd (指定されたモジュールが見つかりません。), ext\php_gd.dll (指定されたモジュールが見つかりません。)) in Unknown on line 0
[24-May-2023 08:04:58 UTC] PHP Warning:  PHP Startup: Unable to load dynamic library 'intl' (tried: ext\intl (指定されたモジュールが見つかりません。), ext\php_intl.dll (指定されたモジュールが見つかりません。)) in Unknown on line 0
[24-May-2023 08:04:58 UTC] PHP Warning:  PHP Startup: Unable to load dynamic library 'mbstring' (tried: ext\mbstring (指定されたモジュールが見つかりません。), ext\php_mbstring.dll (指定されたモジュールが見つかりません。)) in Unknown on line 0
[24-May-2023 08:04:58 UTC] PHP Warning:  PHP Startup: Unable to load dynamic library 'openssl' (tried: ext\openssl (指定されたモジュールが見つかりません。), ext\php_openssl.dll (指定されたモジュールが見つかりません。)) in Unknown on line 0
[24-May-2023 08:04:58 UTC] PHP Warning:  PHP Startup: Unable to load dynamic library 'php_sqlsrv_81_ts_x64.dll' (tried: ext\php_sqlsrv_81_ts_x64.dll (指定されたモジュールが見つかりません。), ext\php_php_sqlsrv_81_ts_x64.dll.dll (指定されたモジュールが見つかりません。)) in Unknown on line 0
[24-May-2023 08:04:58 UTC] PHP Warning:  PHP Startup: Unable to load dynamic library 'php_pdo_sqlsrv_81_ts_x64.dll' (tried: ext\php_pdo_sqlsrv_81_ts_x64.dll (指定されたモジュールが見つかりません。), ext\php_php_pdo_sqlsrv_81_ts_x64.dll.dll (指定されたモジュールが見つかりません。)) in Unknown on line 0
[24-May-2023 08:04:58 UTC] PHP Warning:  PHP Startup: Unable to load dynamic library 'php_openssl.dll' (tried: ext\php_openssl.dll (指定されたモジュールが見つかりません。), ext\php_php_openssl.dll.dll (指定されたモジュールが見つかりません。)) in Unknown on line 0
[24-May-2023 08:04:58 UTC] PHP Warning:  PHP Startup: Unable to load dynamic library 'curl' (tried: ext\curl (指定されたモジュールが見つかりません。), ext\php_curl.dll (指定されたモジュールが見つかりません。)) in Unknown on line 0
[24-May-2023 08:04:58 UTC] PHP Warning:  PHP Startup: Unable to load dynamic library 'fileinfo' (tried: ext\fileinfo (指定されたモジュールが見つかりません。), ext\php_fileinfo.dll (指定されたモジュールが見つかりません。)) in Unknown on line 0
[24-May-2023 08:04:58 UTC] PHP Warning:  PHP Startup: Unable to load dynamic library 'gd' (tried: ext\gd (指定されたモジュールが見つかりません。), ext\php_gd.dll (指定されたモジュールが見つかりません。)) in Unknown on line 0
[24-May-2023 08:04:58 UTC] PHP Warning:  PHP Startup: Unable to load dynamic library 'intl' (tried: ext\intl (指定されたモジュールが見つかりません。), ext\php_intl.dll (指定されたモジュールが見つかりません。)) in Unknown on line 0
[24-May-2023 08:04:58 UTC] PHP Warning:  PHP Startup: Unable to load dynamic library 'mbstring' (tried: ext\mbstring (指定されたモジュールが見つかりません。), ext\php_mbstring.dll (指定されたモジュールが見つかりません。)) in Unknown on line 0
[24-May-2023 08:04:58 UTC] PHP Warning:  PHP Startup: Unable to load dynamic library 'openssl' (tried: ext\openssl (指定されたモジュールが見つかりません。), ext\php_openssl.dll (指定されたモジュールが見つかりません。)) in Unknown on line 0
[24-May-2023 08:04:58 UTC] PHP Warning:  PHP Startup: Unable to load dynamic library 'php_sqlsrv_81_ts_x64.dll' (tried: ext\php_sqlsrv_81_ts_x64.dll (指定されたモジュールが見つかりません。), ext\php_php_sqlsrv_81_ts_x64.dll.dll (指定されたモジュールが見つかりません。)) in Unknown on line 0
[24-May-2023 08:04:58 UTC] PHP Warning:  PHP Startup: Unable to load dynamic library 'php_pdo_sqlsrv_81_ts_x64.dll' (tried: ext\php_pdo_sqlsrv_81_ts_x64.dll (指定されたモジュールが見つかりません。), ext\php_php_pdo_sqlsrv_81_ts_x64.dll.dll (指定されたモジュールが見つかりません。)) in Unknown on line 0
[24-May-2023 08:04:58 UTC] PHP Warning:  PHP Startup: Unable to load dynamic library 'php_openssl.dll' (tried: ext\php_openssl.dll (指定されたモジュールが見つかりません。), ext\php_php_openssl.dll.dll (指定されたモジュールが見つかりません。)) in Unknown on line 0
[24-May-2023 17:05:02 Asia/Tokyo] PHP Fatal error:  Uncaught Error: Undefined constant "APPLI_REASON_RETURN_TEIKI" in C:\www\sompocfdemo\include\define.php:186
Stack trace:
#0 C:\www\sompocfdemo\public_html\login.php(11): include_once()
#1 {main}
  thrown in C:\www\sompocfdemo\include\define.php on line 186
[24-May-2023 17:05:04 Asia/Tokyo] PHP Fatal error:  Uncaught Error: Undefined constant "APPLI_REASON_RETURN_TEIKI" in C:\www\sompocfdemo\include\define.php:186
Stack trace:
#0 C:\www\sompocfdemo\public_html\login.php(11): include_once()
#1 {main}
  thrown in C:\www\sompocfdemo\include\define.php on line 186
